
Showing logs for build [32mcb-kubecd-environment-pr-247-4-dmkwz-1[0m stage [32mfrom-build-pack[0m and container [32mstep-credential-initializer-swq62[0m
{"level":"info","ts":1593528424.5862257,"logger":"fallback-logger","caller":"logging/config.go:69","msg":"Fetch GitHub commit ID from kodata failed: open /var/run/ko/refs/heads/0.8.0-ns-support: no such file or directory"}
{"level":"info","ts":1593528424.5867045,"logger":"fallback-logger","caller":"creds-init/main.go:40","msg":"Credentials initialized."}

Showing logs for build [32mcb-kubecd-environment-pr-247-4-dmkwz-1[0m stage [32mfrom-build-pack[0m and container [32mstep-working-dir-initializer-mfcqk[0m
{"level":"info","ts":1593528425.981425,"logger":"fallback-logger","caller":"logging/config.go:69","msg":"Fetch GitHub commit ID from kodata failed: open /var/run/ko/HEAD: no such file or directory"}
{"level":"info","ts":1593528425.9834523,"logger":"fallback-logger","caller":"bash/main.go:64","msg":"Successfully executed command \"sh -c mkdir -p /workspace/source\"; output "}

Showing logs for build [32mcb-kubecd-environment-pr-247-4-dmkwz-1[0m stage [32mfrom-build-pack[0m and container [32mstep-place-tools[0m

Showing logs for build [32mcb-kubecd-environment-pr-247-4-dmkwz-1[0m stage [32mfrom-build-pack[0m and container [32mstep-git-source-cb-kubecd-environment-pr-247-4-dmkwz-6rbhd[0m
{"level":"info","ts":1593528452.0823784,"logger":"fallback-logger","caller":"logging/config.go:69","msg":"Fetch GitHub commit ID from kodata failed: open /var/run/ko/refs/heads/0.8.0-ns-support: no such file or directory"}
{"level":"info","ts":1593528453.1301298,"logger":"fallback-logger","caller":"git/git.go:103","msg":"Successfully cloned https://github.com/cb-kubecd/environment-pr-247-4-gke-upgrade-staging.git @ master in path /workspace/source"}

Showing logs for build [32mcb-kubecd-environment-pr-247-4-dmkwz-1[0m stage [32mfrom-build-pack[0m and container [32mstep-setup-builder-home[0m

Showing logs for build [32mcb-kubecd-environment-pr-247-4-dmkwz-1[0m stage [32mfrom-build-pack[0m and container [32mstep-git-merge[0m
Using SHAs from PULL_REFS=master:3e01a04b128f750878b2677f49ea731efc7456a7,1:64cf62623186fcdf6b1b1b471f069e4312bd2f45
DEBUG: LC_ALL=C JX_LOG_LEVEL=error git fetch origin --unshallow 64cf62623186fcdf6b1b1b471f069e4312bd2f45: 3e01a04b128f750878b2677f49ea731efc7456a7:
DEBUG: ran git fetch --unshallow origin 64cf62623186fcdf6b1b1b471f069e4312bd2f45: 3e01a04b128f750878b2677f49ea731efc7456a7: in 
DEBUG: LC_ALL=C JX_LOG_LEVEL=error git branch
DEBUG: LC_ALL=C JX_LOG_LEVEL=error git checkout master
DEBUG: ran git checkout master in 
DEBUG: LC_ALL=C JX_LOG_LEVEL=error git reset --hard 3e01a04b128f750878b2677f49ea731efc7456a7
DEBUG: ran git reset --hard 3e01a04b128f750878b2677f49ea731efc7456a7 in 
DEBUG: JX_LOG_LEVEL=error LC_ALL=C git clean -fd .
DEBUG: ran clean --force -d . in 
DEBUG: LC_ALL=C JX_LOG_LEVEL=error git merge 64cf62623186fcdf6b1b1b471f069e4312bd2f45
DEBUG: ran git merge 64cf62623186fcdf6b1b1b471f069e4312bd2f45 in 
DEBUG: LC_ALL=C JX_LOG_LEVEL=error git log --format=%H%x1f%an%x1f%ae%x1f%cn%x1f%ce%x1f%s%n%b%x1e 3e01a04b128f750878b2677f49ea731efc7456a7..HEAD
Merged SHA 64cf62623186fcdf6b1b1b471f069e4312bd2f45 with commit message 'chore: Promote bdd-spring-1593527935 to version 0.0.1' into base branch master

Showing logs for build [32mcb-kubecd-environment-pr-247-4-dmkwz-1[0m stage [32mfrom-build-pack[0m and container [32mstep-build-helm-build[0m
WARNING: No $CHART_REPOSITORY defined so using the default value of: http://jenkins-x-chartmuseum:8080
Adding missing Helm repo: storage.googleapis.com https://storage.googleapis.com/chartmuseum.jenkins-x.io
WARNING: No secrets found on "helm/repos" due: reading the secret "helm/repos" from vault: no secret "helm/repos" not found in vault
Read credentials for https://storage.googleapis.com/chartmuseum.jenkins-x.io from vault helm/repos
Successfully added Helm repository storage.googleapis.com.
Adding missing Helm repo: jenkins-x-chartmuseum http://jenkins-x-chartmuseum:8080
WARNING: No secrets found on "helm/repos" due: reading the secret "helm/repos" from vault: no secret "helm/repos" not found in vault
Read credentials for http://jenkins-x-chartmuseum:8080 from vault helm/repos
Successfully added Helm repository jenkins-x-chartmuseum.
WARNING: No $CHART_REPOSITORY defined so using the default value of: http://jenkins-x-chartmuseum:8080
Adding missing Helm repo: chartmuseum.jenkins-x.io http://chartmuseum.jenkins-x.io
WARNING: No secrets found on "helm/repos" due: reading the secret "helm/repos" from vault: no secret "helm/repos" not found in vault
Read credentials for http://chartmuseum.jenkins-x.io from vault helm/repos
Successfully added Helm repository chartmuseum.jenkins-x.io.
